0 info it worked if it ends with ok
1 verbose cli [ '/usr/bin/nodejs', '/usr/bin/npm', 'bugs', 'slack-plantuml' ]
2 info using npm@2.15.8
3 info using node@v4.4.7
4 silly mapToRegistry name slack-plantuml
5 silly mapToRegistry using default registry
6 silly mapToRegistry registry https://registry.npmjs.org/
7 silly mapToRegistry data Result {
7 silly mapToRegistry   raw: 'slack-plantuml',
7 silly mapToRegistry   scope: null,
7 silly mapToRegistry   name: 'slack-plantuml',
7 silly mapToRegistry   rawSpec: '',
7 silly mapToRegistry   spec: 'latest',
7 silly mapToRegistry   type: 'tag' }
8 silly mapToRegistry uri https://registry.npmjs.org/slack-plantuml
9 verbose request uri https://registry.npmjs.org/slack-plantuml/latest
10 verbose request no auth needed
11 info attempt registry request try #1 at 16:21:22
12 verbose request id f888d32ea5290e25
13 http request GET https://registry.npmjs.org/slack-plantuml/latest
14 http 404 https://registry.npmjs.org/slack-plantuml/latest
15 verbose headers { server: 'CouchDB/1.6.1 (Erlang OTP/R16B03)',
15 verbose headers   'content-type': 'application/json',
15 verbose headers   'cache-control': 'max-age=0',
15 verbose headers   'content-length': '51',
15 verbose headers   'accept-ranges': 'bytes',
15 verbose headers   date: 'Sat, 23 Jul 2016 19:21:22 GMT',
15 verbose headers   via: '1.1 varnish',
15 verbose headers   age: '0',
15 verbose headers   connection: 'keep-alive',
15 verbose headers   'x-served-by': 'cache-gru7120-GRU',
15 verbose headers   'x-cache': 'MISS',
15 verbose headers   'x-cache-hits': '0',
15 verbose headers   'x-timer': 'S1469301682.420763,VS0,VE577' }
16 silly get cb [ 404,
16 silly get   { server: 'CouchDB/1.6.1 (Erlang OTP/R16B03)',
16 silly get     'content-type': 'application/json',
16 silly get     'cache-control': 'max-age=0',
16 silly get     'content-length': '51',
16 silly get     'accept-ranges': 'bytes',
16 silly get     date: 'Sat, 23 Jul 2016 19:21:22 GMT',
16 silly get     via: '1.1 varnish',
16 silly get     age: '0',
16 silly get     connection: 'keep-alive',
16 silly get     'x-served-by': 'cache-gru7120-GRU',
16 silly get     'x-cache': 'MISS',
16 silly get     'x-cache-hits': '0',
16 silly get     'x-timer': 'S1469301682.420763,VS0,VE577' } ]
17 verbose stack Error: 404 Not Found: slack-plantuml
17 verbose stack     at makeError (/usr/lib/node_modules/npm/node_modules/npm-registry-client/lib/request.js:264:12)
17 verbose stack     at CachingRegistryClient.<anonymous> (/usr/lib/node_modules/npm/node_modules/npm-registry-client/lib/request.js:250:14)
17 verbose stack     at Request._callback (/usr/lib/node_modules/npm/node_modules/npm-registry-client/lib/request.js:172:14)
17 verbose stack     at Request.self.callback (/usr/lib/node_modules/npm/node_modules/request/request.js:200:22)
17 verbose stack     at emitTwo (events.js:87:13)
17 verbose stack     at Request.emit (events.js:172:7)
17 verbose stack     at Request.<anonymous> (/usr/lib/node_modules/npm/node_modules/request/request.js:1067:10)
17 verbose stack     at emitOne (events.js:82:20)
17 verbose stack     at Request.emit (events.js:169:7)
17 verbose stack     at IncomingMessage.<anonymous> (/usr/lib/node_modules/npm/node_modules/request/request.js:988:12)
18 verbose statusCode 404
19 verbose pkgid slack-plantuml
20 verbose cwd /home/dorian/Desarrollo/Proyectos/heroku/dos/slack-plantuml
21 error Linux 3.19.0-32-generic
22 error argv "/usr/bin/nodejs" "/usr/bin/npm" "bugs" "slack-plantuml"
23 error node v4.4.7
24 error npm  v2.15.8
25 error code E404
26 error 404 Not Found: slack-plantuml
26 error 404
26 error 404 'slack-plantuml' is not in the npm registry.
26 error 404 You should bug the author to publish it (or use the name yourself!)
26 error 404
26 error 404 Note that you can also install from a
26 error 404 tarball, folder, http url, or git url.
27 verbose exit [ 1, true ]
